Using pre-set license
Built from '2021.3/staging' branch; Version is '2021.3.11f1 (0a5ca18544bf) revision 679073'; Using compiler version '192829333'; Build Type 'Release'
OS: 'Windows 10  (10.0.19045) 64bit Enterprise' Language: 'en' Physical Memory: 16016 MB
BatchMode: 1, IsHumanControllingUs: 0, StartBugReporterOnCrash: 0, Is64bit: 1, IsPro: 1

COMMAND LINE ARGUMENTS:
C:\Program Files\Unity 2021.3.11f1\Editor\Unity.exe
-adb2
-batchMode
-noUpm
-name
AssetImportWorker2
-projectPath
C:/Users/xts508/Slicer
-logFile
Logs/AssetImportWorker2.log
-srvPort
51764
Successfully changed project path to: C:/Users/xts508/Slicer
C:/Users/xts508/Slicer
[UnityMemory] Configuration Parameters - Can be set up in boot.config
    "memorysetup-bucket-allocator-granularity=16"
    "memorysetup-bucket-allocator-bucket-count=8"
    "memorysetup-bucket-allocator-block-size=33554432"
    "memorysetup-bucket-allocator-block-count=8"
    "memorysetup-main-allocator-block-size=16777216"
    "memorysetup-thread-allocator-block-size=16777216"
    "memorysetup-gfx-main-allocator-block-size=16777216"
    "memorysetup-gfx-thread-allocator-block-size=16777216"
    "memorysetup-cache-allocator-block-size=4194304"
    "memorysetup-typetree-allocator-block-size=2097152"
    "memorysetup-profiler-bucket-allocator-granularity=16"
    "memorysetup-profiler-bucket-allocator-bucket-count=8"
    "memorysetup-profiler-bucket-allocator-block-size=33554432"
    "memorysetup-profiler-bucket-allocator-block-count=8"
    "memorysetup-profiler-allocator-block-size=16777216"
    "memorysetup-profiler-editor-allocator-block-size=1048576"
    "memorysetup-temp-allocator-size-main=16777216"
    "memorysetup-job-temp-allocator-block-size=2097152"
    "memorysetup-job-temp-allocator-block-size-background=1048576"
    "memorysetup-job-temp-allocator-reduction-small-platforms=262144"
    "memorysetup-temp-allocator-size-background-worker=32768"
    "memorysetup-temp-allocator-size-job-worker=262144"
    "memorysetup-temp-allocator-size-preload-manager=33554432"
    "memorysetup-temp-allocator-size-nav-mesh-worker=65536"
    "memorysetup-temp-allocator-size-audio-worker=65536"
    "memorysetup-temp-allocator-size-cloud-worker=32768"
    "memorysetup-temp-allocator-size-gi-baking-worker=262144"
    "memorysetup-temp-allocator-size-gfx=262144"
Refreshing native plugins compatible for Editor in 91.70 ms, found 3 plugins.
Preloading 0 native plugins for Editor in 0.00 ms.
Initialize engine version: 2021.3.11f1 (0a5ca18544bf)
[Subsystems] Discovering subsystems at path C:/Program Files/Unity 2021.3.11f1/Editor/Data/Resources/UnitySubsystems
[Subsystems] Discovering subsystems at path C:/Users/xts508/Slicer/Assets
GfxDevice: creating device client; threaded=0; jobified=0
Direct3D:
    Version:  Direct3D 11.0 [level 11.1]
    Renderer: Intel(R) Iris(R) Xe Graphics (ID=0x46a8)
    Vendor:   Intel
    VRAM:     8008 MB
    Driver:   31.0.101.4255
Initialize mono
Mono path[0] = 'C:/Program Files/Unity 2021.3.11f1/Editor/Data/Managed'
Mono path[1] = 'C:/Program Files/Unity 2021.3.11f1/Editor/Data/MonoBleedingEdge/lib/mono/unityjit-win32'
Mono config path = 'C:/Program Files/Unity 2021.3.11f1/Editor/Data/MonoBleedingEdge/etc'
Using monoOptions --debugger-agent=transport=dt_socket,embedding=1,server=y,suspend=n,address=127.0.0.1:56132
Begin MonoManager ReloadAssembly
Registering precompiled unity dll's ...
Register platform support module: C:/Program Files/Unity 2021.3.11f1/Editor/Data/PlaybackEngines/WindowsStandaloneSupport/UnityEditor.WindowsStandalone.Extensions.dll
Registered in 0.008273 seconds.
Native extension for WindowsStandalone target not found
Refreshing native plugins compatible for Editor in 83.68 ms, found 3 plugins.
Preloading 0 native plugins for Editor in 0.00 ms.
Mono: successfully reloaded assembly
- Completed reload, in  0.759 seconds
Domain Reload Profiling:
	ReloadAssembly (759ms)
		BeginReloadAssembly (99ms)
			ExecutionOrderSort (0ms)
			DisableScriptedObjects (0ms)
			BackupInstance (0ms)
			ReleaseScriptingObjects (0ms)
			CreateAndSetChildDomain (1ms)
		EndReloadAssembly (530ms)
			LoadAssemblies (95ms)
			RebuildTransferFunctionScriptingTraits (0ms)
			SetupTypeCache (114ms)
			ReleaseScriptCaches (0ms)
			RebuildScriptCaches (31ms)
			SetupLoadedEditorAssemblies (323ms)
				LogAssemblyErrors (0ms)
				InitializePlatformSupportModulesInManaged (9ms)
				SetLoadedEditorAssemblies (0ms)
				RefreshPlugins (84ms)
				BeforeProcessingInitializeOnLoad (2ms)
				ProcessInitializeOnLoadAttributes (167ms)
				ProcessInitializeOnLoadMethodAttributes (61ms)
				AfterProcessingInitializeOnLoad (0ms)
				EditorAssembliesLoaded (0ms)
			ExecutionOrderSort2 (0ms)
			AwakeInstancesAfterBackupRestoration (0ms)
Platform modules already initialized, skipping
Registering precompiled user dll's ...
Registered in 0.015525 seconds.
Begin MonoManager ReloadAssembly
Symbol file LoadedFromMemory doesn't match image C:\Users\xts508\Slicer\Library\PackageCache\com.unity.visualscripting@1.7.8\Editor\VisualScripting.Core\Dependencies\YamlDotNet\Unity.VisualScripting.YamlDotNet.dll
Symbol file LoadedFromMemory doesn't match image C:\Users\xts508\Slicer\Library\PackageCache\com.unity.visualscripting@1.7.8\Editor\VisualScripting.Core\Dependencies\DotNetZip\Unity.VisualScripting.IonicZip.dll
Native extension for WindowsStandalone target not found
Refreshing native plugins compatible for Editor in 0.53 ms, found 3 plugins.
Preloading 0 native plugins for Editor in 0.00 ms.
Mono: successfully reloaded assembly
- Completed reload, in  1.431 seconds
Domain Reload Profiling:
	ReloadAssembly (1432ms)
		BeginReloadAssembly (224ms)
			ExecutionOrderSort (0ms)
			DisableScriptedObjects (11ms)
			BackupInstance (0ms)
			ReleaseScriptingObjects (0ms)
			CreateAndSetChildDomain (34ms)
		EndReloadAssembly (1002ms)
			LoadAssemblies (201ms)
			RebuildTransferFunctionScriptingTraits (0ms)
			SetupTypeCache (312ms)
			ReleaseScriptCaches (0ms)
			RebuildScriptCaches (58ms)
			SetupLoadedEditorAssemblies (436ms)
				LogAssemblyErrors (0ms)
				InitializePlatformSupportModulesInManaged (7ms)
				SetLoadedEditorAssemblies (1ms)
				RefreshPlugins (1ms)
				BeforeProcessingInitializeOnLoad (101ms)
				ProcessInitializeOnLoadAttributes (279ms)
				ProcessInitializeOnLoadMethodAttributes (35ms)
				AfterProcessingInitializeOnLoad (12ms)
				EditorAssembliesLoaded (0ms)
			ExecutionOrderSort2 (0ms)
			AwakeInstancesAfterBackupRestoration (8ms)
Platform modules already initialized, skipping
========================================================================
Worker process is ready to serve import requests
Launched and connected shader compiler UnityShaderCompiler.exe after 0.09 seconds
Refreshing native plugins compatible for Editor in 0.57 ms, found 3 plugins.
Preloading 0 native plugins for Editor in 0.00 ms.
Unloading 3430 Unused Serialized files (Serialized files now loaded: 0)
Unloading 27 unused Assets / (113.4 KB). Loaded Objects now: 3889.
Memory consumption went from 120.1 MB to 119.9 MB.
Total: 3.124400 ms (FindLiveObjects: 0.268300 ms CreateObjectMapping: 0.118400 ms MarkObjects: 2.618100 ms  DeleteObjects: 0.117700 ms)

AssetImportParameters requested are different than current active one (requested -> active):
  custom:video-decoder-ogg-theora: a1e56fd34408186e4bbccfd4996cb3dc -> 
  custom:container-muxer-webm: aa71ff27fc2769a1b78a27578f13a17b -> 
  custom:container-demuxer-webm: 4f35f7cbe854078d1ac9338744f61a02 -> 
  custom:video-encoder-webm-vp8: eb34c28f22e8b96e1ab97ce403110664 -> 
  custom:audio-encoder-webm-vorbis: bf7c407c2cedff20999df2af8eb42d56 -> 
  custom:framework-win-MediaFoundation: 216162199b28c13a410421893ffa2e32 -> 
  custom:container-demuxer-ogg: 62fdf1f143b41e24485cea50d1cbac27 -> 
  custom:video-decoder-webm-vp8: 9c59270c3fd7afecdb556c50c9e8de78 -> 
  custom:audio-decoder-ogg-vorbis: bf7c407c2cedff20999df2af8eb42d56 -> 
========================================================================
Received Import Request.
  Time since last request: 6749.332326 seconds.
  path: Assets/Jedi Temple/jeditemple.20.obj
  artifactKey: Guid(7ee3aa595d0fa694d8e28430da705b97) Importer(815301076,1909f56bfc062723c751e8b465ee728b)
Start importing Assets/Jedi Temple/jeditemple.20.obj using Guid(7ee3aa595d0fa694d8e28430da705b97) Importer(815301076,1909f56bfc062723c751e8b465ee728b)  -> (artifact id: 'a6af1e230beeb010677f05b65e089b10') in 0.300860 seconds 
========================================================================
Received Import Request.
  Time since last request: 0.000024 seconds.
  path: Assets/Jedi Temple/jeditemple.14.obj
  artifactKey: Guid(11a3e0339699de64793367fcf584856c) Importer(815301076,1909f56bfc062723c751e8b465ee728b)
Start importing Assets/Jedi Temple/jeditemple.14.obj using Guid(11a3e0339699de64793367fcf584856c) Importer(815301076,1909f56bfc062723c751e8b465ee728b)  -> (artifact id: '8aa8d373cde001c84f753e595b5c929e') in 0.061666 seconds 
========================================================================
Received Import Request.
  Time since last request: 0.000059 seconds.
  path: Assets/Jedi Temple/jeditemple.13.obj
  artifactKey: Guid(fa6c4e68f1966034bb1cea11f6a074ad) Importer(815301076,1909f56bfc062723c751e8b465ee728b)
Start importing Assets/Jedi Temple/jeditemple.13.obj using Guid(fa6c4e68f1966034bb1cea11f6a074ad) Importer(815301076,1909f56bfc062723c751e8b465ee728b)  -> (artifact id: '0977e83cfb1f5305a206bfe7b276e19f') in 0.078482 seconds 
========================================================================
Received Import Request.
  Time since last request: 0.000028 seconds.
  path: Assets/Jedi Temple/jeditemple.17.obj
  artifactKey: Guid(9dfebee006ba4694c906d9a71523e92e) Importer(815301076,1909f56bfc062723c751e8b465ee728b)
Start importing Assets/Jedi Temple/jeditemple.17.obj using Guid(9dfebee006ba4694c906d9a71523e92e) Importer(815301076,1909f56bfc062723c751e8b465ee728b)  -> (artifact id: '9ed1ea464c881eb9fd4943088239e410') in 0.059717 seconds 
========================================================================
Received Import Request.
  Time since last request: 0.000047 seconds.
  path: Assets/Jedi Temple/jeditemple.8.obj
  artifactKey: Guid(a103942cc3c189a42b72af0534ae8453) Importer(815301076,1909f56bfc062723c751e8b465ee728b)
Start importing Assets/Jedi Temple/jeditemple.8.obj using Guid(a103942cc3c189a42b72af0534ae8453) Importer(815301076,1909f56bfc062723c751e8b465ee728b)  -> (artifact id: '94d11efd06f8e7b35f0a6258d3f6f460') in 0.058737 seconds 
========================================================================
Received Import Request.
  Time since last request: 0.000026 seconds.
  path: Assets/Jedi Temple/Emission.mat
  artifactKey: Guid(758602d0dff8a304abffa9aeb2f4d69d) Importer(815301076,1909f56bfc062723c751e8b465ee728b)
Start importing Assets/Jedi Temple/Emission.mat using Guid(758602d0dff8a304abffa9aeb2f4d69d) Importer(815301076,1909f56bfc062723c751e8b465ee728b)  -> (artifact id: '6d2f6cb3597cc3b6487b303aa3a6e2f9') in 0.031172 seconds 
========================================================================
Received Import Request.
  Time since last request: 0.000053 seconds.
  path: Assets/Jedi Temple/jedi_temple_library.dds
  artifactKey: Guid(11877146f4e81754ea8581a0abd0dd8a) Importer(815301076,1909f56bfc062723c751e8b465ee728b)
Start importing Assets/Jedi Temple/jedi_temple_library.dds using Guid(11877146f4e81754ea8581a0abd0dd8a) Importer(815301076,1909f56bfc062723c751e8b465ee728b)  -> (artifact id: 'a3e73b92380babafb82075228d2a5899') in 0.046445 seconds 
========================================================================
Received Import Request.
  Time since last request: 0.000032 seconds.
  path: Assets/Jedi Temple/jeditemple.4.obj
  artifactKey: Guid(8aea3f9443b40a34b8ddaa90ecf5be3e) Importer(815301076,1909f56bfc062723c751e8b465ee728b)
Start importing Assets/Jedi Temple/jeditemple.4.obj using Guid(8aea3f9443b40a34b8ddaa90ecf5be3e) Importer(815301076,1909f56bfc062723c751e8b465ee728b)  -> (artifact id: '61f12c7978c2137ef11cdaf5115f3aa6') in 0.063002 seconds 
========================================================================
Received Import Request.
  Time since last request: 0.000025 seconds.
  path: Assets/Jedi Temple/jedi_temple_councilroom.dds
  artifactKey: Guid(04fe1f7f71a6faa429304b313990be64) Importer(815301076,1909f56bfc062723c751e8b465ee728b)
Start importing Assets/Jedi Temple/jedi_temple_councilroom.dds using Guid(04fe1f7f71a6faa429304b313990be64) Importer(815301076,1909f56bfc062723c751e8b465ee728b)  -> (artifact id: '9a5e5d7b2f1eabc7aa15a598e3145c0c') in 0.025748 seconds 
========================================================================
Received Import Request.
  Time since last request: 0.000027 seconds.
  path: Assets/Jedi Temple/jedi_temple_walk_down_room.dds
  artifactKey: Guid(97450bd1881ffe34fabf39e8085e96a0) Importer(815301076,1909f56bfc062723c751e8b465ee728b)
Start importing Assets/Jedi Temple/jedi_temple_walk_down_room.dds using Guid(97450bd1881ffe34fabf39e8085e96a0) Importer(815301076,1909f56bfc062723c751e8b465ee728b)  -> (artifact id: '8e96c18d8690320feb57942e649c4276') in 0.033333 seconds 
========================================================================
Received Import Request.
  Time since last request: 0.000029 seconds.
  path: Assets/Jedi Temple/jedi_temple_hangar.dds
  artifactKey: Guid(d2e1cb9ccee747440b682849459048b0) Importer(815301076,1909f56bfc062723c751e8b465ee728b)
Start importing Assets/Jedi Temple/jedi_temple_hangar.dds using Guid(d2e1cb9ccee747440b682849459048b0) Importer(815301076,1909f56bfc062723c751e8b465ee728b)  -> (artifact id: '1f3dcb4b2c75d6f9ada3f35a1ac00e6c') in 0.032397 seconds 
========================================================================
Received Import Request.
  Time since last request: 0.000027 seconds.
  path: Assets/Jedi Temple/jeditemple.12.obj
  artifactKey: Guid(e3f9cd4130c09584e976b586a323874b) Importer(815301076,1909f56bfc062723c751e8b465ee728b)
Start importing Assets/Jedi Temple/jeditemple.12.obj using Guid(e3f9cd4130c09584e976b586a323874b) Importer(815301076,1909f56bfc062723c751e8b465ee728b)  -> (artifact id: 'f017332b08490e9b964eaa98d57dbb13') in 0.063849 seconds 
========================================================================
Received Import Request.
  Time since last request: 3.071941 seconds.
  path: Assets/Jedi Temple/Jedi Temple.unity
  artifactKey: Guid(95c55f97756fa8f4aa52e7cda98c5cf2) Importer(815301076,1909f56bfc062723c751e8b465ee728b)
Start importing Assets/Jedi Temple/Jedi Temple.unity using Guid(95c55f97756fa8f4aa52e7cda98c5cf2) Importer(815301076,1909f56bfc062723c751e8b465ee728b)  -> (artifact id: '48f6204ee62529b8492828d1aa339f6a') in 0.012861 seconds 
========================================================================
Received Import Request.
  Time since last request: 62.921228 seconds.
  path: Assets/Scenes/PlayScene.unity
  artifactKey: Guid(cbc738a4b59a5564e83e71416b0b1f0b) Importer(815301076,1909f56bfc062723c751e8b465ee728b)
Start importing Assets/Scenes/PlayScene.unity using Guid(cbc738a4b59a5564e83e71416b0b1f0b) Importer(815301076,1909f56bfc062723c751e8b465ee728b)  -> (artifact id: '70787f3d198286a9dd0c6b92408514bb') in 0.010851 seconds 
========================================================================
Received Prepare
Registering precompiled user dll's ...
Registered in 0.012571 seconds.
Begin MonoManager ReloadAssembly
Symbol file LoadedFromMemory doesn't match image C:\Users\xts508\Slicer\Library\PackageCache\com.unity.visualscripting@1.7.8\Editor\VisualScripting.Core\Dependencies\YamlDotNet\Unity.VisualScripting.YamlDotNet.dll
Symbol file LoadedFromMemory doesn't match image C:\Users\xts508\Slicer\Library\PackageCache\com.unity.visualscripting@1.7.8\Editor\VisualScripting.Core\Dependencies\DotNetZip\Unity.VisualScripting.IonicZip.dll
Native extension for WindowsStandalone target not found
Refreshing native plugins compatible for Editor in 1.19 ms, found 3 plugins.
Preloading 0 native plugins for Editor in 0.00 ms.
Mono: successfully reloaded assembly
- Completed reload, in  1.726 seconds
Domain Reload Profiling:
	ReloadAssembly (1727ms)
		BeginReloadAssembly (234ms)
			ExecutionOrderSort (0ms)
			DisableScriptedObjects (11ms)
			BackupInstance (0ms)
			ReleaseScriptingObjects (0ms)
			CreateAndSetChildDomain (61ms)
		EndReloadAssembly (1329ms)
			LoadAssemblies (157ms)
			RebuildTransferFunctionScriptingTraits (0ms)
			SetupTypeCache (393ms)
			ReleaseScriptCaches (2ms)
			RebuildScriptCaches (72ms)
			SetupLoadedEditorAssemblies (620ms)
				LogAssemblyErrors (0ms)
				InitializePlatformSupportModulesInManaged (26ms)
				SetLoadedEditorAssemblies (1ms)
				RefreshPlugins (1ms)
				BeforeProcessingInitializeOnLoad (119ms)
				ProcessInitializeOnLoadAttributes (400ms)
				ProcessInitializeOnLoadMethodAttributes (56ms)
				AfterProcessingInitializeOnLoad (16ms)
				EditorAssembliesLoaded (0ms)
			ExecutionOrderSort2 (0ms)
			AwakeInstancesAfterBackupRestoration (11ms)
Platform modules already initialized, skipping
Refreshing native plugins compatible for Editor in 3.73 ms, found 3 plugins.
Preloading 0 native plugins for Editor in 0.00 ms.
Unloading 3412 Unused Serialized files (Serialized files now loaded: 0)
Unloading 20 unused Assets / (80.0 KB). Loaded Objects now: 3938.
Memory consumption went from 123.7 MB to 123.6 MB.
Total: 4.384000 ms (FindLiveObjects: 0.535600 ms CreateObjectMapping: 0.097700 ms MarkObjects: 3.532100 ms  DeleteObjects: 0.216900 ms)

AssetImportParameters requested are different than current active one (requested -> active):
  custom:video-decoder-ogg-theora: a1e56fd34408186e4bbccfd4996cb3dc -> 
  custom:container-muxer-webm: aa71ff27fc2769a1b78a27578f13a17b -> 
  custom:container-demuxer-webm: 4f35f7cbe854078d1ac9338744f61a02 -> 
  custom:video-encoder-webm-vp8: eb34c28f22e8b96e1ab97ce403110664 -> 
  custom:audio-encoder-webm-vorbis: bf7c407c2cedff20999df2af8eb42d56 -> 
  custom:framework-win-MediaFoundation: 216162199b28c13a410421893ffa2e32 -> 
  custom:container-demuxer-ogg: 62fdf1f143b41e24485cea50d1cbac27 -> 
  custom:video-decoder-webm-vp8: 9c59270c3fd7afecdb556c50c9e8de78 -> 
  custom:audio-decoder-ogg-vorbis: bf7c407c2cedff20999df2af8eb42d56 -> 
